
2019-11-14 14:03:17 <xml><return_code><![CDATA[SUCCESS]]></return_code>
<return_msg><![CDATA[OK]]></return_msg>
<result_code><![CDATA[SUCCESS]]></result_code>
<media_id><![CDATA[_qdPgxYeHjr20zZTSLO0yhN7SlxPjxuyKQ2WfuPOMrYdXgHg4bdUPB8ew4GFaRxZfmx3odUdNl49prRBmnYy4a74Qf_ZVVetAfepZ-8YBPA]]></media_id>
<sign><![CDATA[A90FCC58F238E4437442F54F4B338EE6]]></sign>
</xml>

2019-11-14 14:20:15 <xml><return_code><![CDATA[FAIL]]></return_code>
<return_msg><![CDATA[图片Hash值有误，请检查后重新提交]]></return_msg>
</xml>

2019-11-14 14:22:03 <xml><return_code><![CDATA[FAIL]]></return_code>
<return_msg><![CDATA[图片Hash值有误，请检查后重新提交]]></return_msg>
</xml>

2019-11-14 14:29:28 <xml><return_code><![CDATA[SUCCESS]]></return_code>
<return_msg><![CDATA[OK]]></return_msg>
<result_code><![CDATA[SUCCESS]]></result_code>
<media_id><![CDATA[_qdPgxYeHjr20zZTSLO0ytytIW4WzQGYSjL9keglclA2AQyG_RoQhc87zbvCHC6B_zgcfMm7mi2zlOPEErgzFfy8z-koErfC1n0RAITyOCc]]></media_id>
<sign><![CDATA[9833D0D4FF18FC17D6ADE529AA593CD7]]></sign>
</xml>

2019-11-14 14:36:54 <xml><return_code><![CDATA[SUCCESS]]></return_code>
<return_msg><![CDATA[OK]]></return_msg>
<result_code><![CDATA[SUCCESS]]></result_code>
<media_id><![CDATA[_qdPgxYeHjr20zZTSLO0ymD1ZB-McjtHwyCpY4AxIpemJbnN2ngJjn0gTFwmQqKaX3w26geamoHb18zG5g_oXHdGSM5UMtvwvlQpcptB99M]]></media_id>
<sign><![CDATA[9BB276DE3FE2BBC134AD69789F34BAF7]]></sign>
</xml>

2019-11-14 14:40:25 <xml>
  <return_code><![CDATA[FAIL]]></return_code>
  <retmsg><![CDATA[Invalid boundary in multipart form: '']]></retmsg>
  <retcode><![CDATA[1]]></retcode>
</xml>

2019-11-14 14:42:11 <xml>
  <return_code><![CDATA[FAIL]]></return_code>
  <retmsg><![CDATA[Invalid boundary in multipart form: '']]></retmsg>
  <retcode><![CDATA[1]]></retcode>
</xml>

2019-11-14 18:06:08 <xml><return_code><![CDATA[SUCCESS]]></return_code>
<return_msg><![CDATA[OK]]></return_msg>
<result_code><![CDATA[SUCCESS]]></result_code>
<media_id><![CDATA[qdQ43t10RCUMp_RlsNgugeO5v6itf-gVNXDJ3MmlrYS6jUYkce2349uZU9bJd50kMtIwXN-A-VRY70rloEnwe6GNRuq8kQo__KfdiTgG20k]]></media_id>
<sign><![CDATA[CDFD421738E7B03BAD7E1A40B2DC1627]]></sign>
</xml>

2019-11-15 16:51:36 <xml><return_code><![CDATA[SUCCESS]]></return_code>
<return_msg><![CDATA[OK]]></return_msg>
<result_code><![CDATA[SUCCESS]]></result_code>
<media_id><![CDATA[majQ8k9j51077ihzlGCY4rpR-a227WrIOJsqtEWgZ4X0rIaHykdNoDqQ1Ft_pwdQvwbJMz5m0C2XtKNSYu3JjaPxgcdBWk_pFgGDuAnEOIM]]></media_id>
<sign><![CDATA[D889898738FA2D795CDA65D829FCA88B]]></sign>
</xml>

2019-11-15 17:01:32 <xml><return_code><![CDATA[SUCCESS]]></return_code>
<return_msg><![CDATA[OK]]></return_msg>
<result_code><![CDATA[SUCCESS]]></result_code>
<media_id><![CDATA[majQ8k9j51077ihzlGCY4gc7jd0EgNmoK8f19Q6EeOfv4KLcSwC_QDSvmx_zfKa6KWVu0iphOMtzEvUXH3GuQGLFyS6C4_6-8_-aRz0lU88]]></media_id>
<sign><![CDATA[59BF95CBF59660C3B65996799B2917A7]]></sign>
</xml>

2019-11-15 17:07:27 <xml><return_code><![CDATA[FAIL]]></return_code>
<return_msg><![CDATA[证书校验失败，请检查后重试]]></return_msg>
</xml>

2019-11-18 10:28:55 <xml><return_code><![CDATA[FAIL]]></return_code>
<return_msg><![CDATA[未检测到必填参数：商户号mch_id]]></return_msg>
</xml>

2019-11-18 10:30:04 <xml><return_code><![CDATA[FAIL]]></return_code>
<return_msg><![CDATA[未检测到必填参数：业务申请编号business_code]]></return_msg>
</xml>

2019-11-18 10:31:04 <xml><return_code><![CDATA[FAIL]]></return_code>
<return_msg><![CDATA[证书已过期]]></return_msg>
</xml>
